빌드 시작: 2013-04-11 오후 9:57:25
     1>2 노드의 "E:\mfc\FreeLine 시연용 최종\FreeLine\FreeLine.vcxproj" 프로젝트(build 대상)입니다.
     1>InitializeBuildStatus:
         "AlwaysCreate"이(가) 지정되었기 때문에 "Release\FreeLine.unsuccessfulbuild"을(를) 만들고 있습니다.
       ClCompile:
         "Release\FreeLine.pch" 파일을 삭제하고 있습니다.
         C:\Program Files (x86)\Microsoft Visual Studio 10.0\VC\bin\CL.exe /c /Zi /nologo /W3 /WX- /O2 /Oi /Oy- /GL /D WIN32 /D _WINDOWS /D NDEBUG /D _UNICODE /D UNICODE /D _AFXDLL /Gm- /EHsc /MD /GS /Gy /fp:precise /Zc:wchar_t /Zc:forScope /Yc"StdAfx.h" /Fp"Release\FreeLine.pch" /Fo"Release\\" /Fd"Release\vc100.pdb" /Gd /TP /analyze- /errorReport:prompt stdafx.cpp
         stdafx.cpp
         C:\Program Files (x86)\Microsoft Visual Studio 10.0\VC\bin\CL.exe /c /Zi /nologo /W3 /WX- /O2 /Oi /Oy- /GL /D WIN32 /D _WINDOWS /D NDEBUG /D _UNICODE /D UNICODE /D _AFXDLL /Gm- /EHsc /MD /GS /Gy /fp:precise /Zc:wchar_t /Zc:forScope /Yu"StdAfx.h" /Fp"Release\FreeLine.pch" /Fo"Release\\" /Fd"Release\vc100.pdb" /Gd /TP /analyze- /errorReport:prompt BufferDC.cpp FreeLine.cpp FreeLineDoc.cpp FreeLineView.cpp Fucntion_BG.cpp Function_Course.cpp Function_Crush.cpp Function_Gamedata.cpp Function_Hero.cpp Function_Skill.cpp MainFrm.cpp Music.cpp
         BufferDC.cpp
         FreeLine.cpp
         FreeLineDoc.cpp
         FreeLineView.cpp
         Fucntion_BG.cpp
         Function_Course.cpp
         Function_Crush.cpp
         Function_Gamedata.cpp
         Function_Hero.cpp
         Function_Skill.cpp
         MainFrm.cpp
         Music.cpp
       ResourceCompile:
         C:\Program Files (x86)\Microsoft SDKs\Windows\v7.0A\bin\rc.exe /D NDEBUG /D _UNICODE /D UNICODE /D _AFXDLL /l"0x0412" /IRelease\ /nologo /fo"Release\FreeLine.res" FreeLine.rc 
       Link:
         C:\Program Files (x86)\Microsoft Visual Studio 10.0\VC\bin\link.exe /ERRORREPORT:PROMPT /OUT:"E:\mfc\FreeLine 시연용 최종\Release\FreeLine.exe" /INCREMENTAL:NO /NOLOGO /MANIFEST /ManifestFile:"Release\FreeLine.exe.intermediate.manifest" /MANIFESTUAC:"level='asInvoker' uiAccess='false'" /DEBUG /PDB:"E:\mfc\FreeLine 시연용 최종\Release\FreeLine.pdb" /SUBSYSTEM:WINDOWS /OPT:REF /OPT:ICF /LTCG /TLBID:1 /ENTRY:"wWinMainCRTStartup" /DYNAMICBASE /NXCOMPAT /IMPLIB:"E:\mfc\FreeLine 시연용 최종\Release\FreeLine.lib" /MACHINE:X86 Release\FreeLine.res
         Release\BufferDC.obj
         Release\FreeLine.obj
         Release\FreeLineDoc.obj
         Release\FreeLineView.obj
         Release\Fucntion_BG.obj
         Release\Function_Course.obj
         Release\Function_Crush.obj
         Release\Function_Gamedata.obj
         Release\Function_Hero.obj
         Release\Function_Skill.obj
         Release\MainFrm.obj
         Release\Music.obj
         Release\stdafx.obj
         코드를 생성하고 있습니다.
         코드를 생성했습니다.
         FreeLine.vcxproj -> E:\mfc\FreeLine 시연용 최종\Release\FreeLine.exe
       Manifest:
         C:\Program Files (x86)\Microsoft SDKs\Windows\v7.0A\bin\mt.exe /nologo /verbose /outputresource:"E:\mfc\FreeLine 시연용 최종\Release\FreeLine.exe;#1" /manifest Release\FreeLine.exe.intermediate.manifest "C:\Program Files (x86)\Microsoft Visual Studio 10.0\VC\Include\Manifest\dpiaware.manifest"
       FinalizeBuildStatus:
         "Release\FreeLine.unsuccessfulbuild" 파일을 삭제하고 있습니다.
         "Release\FreeLine.lastbuildstate"에 연결(touching)하고 있습니다.
     1>"E:\mfc\FreeLine 시연용 최종\FreeLine\FreeLine.vcxproj" 프로젝트를 빌드했습니다(build 대상).

빌드했습니다.

경과 시간: 00:00:15.74
